# JRE version: Java(TM) SE Runtime Environment (22.0.2+9) (build 22.0.2+9-70)
# Java VM: Java HotSpot(TM) 64-Bit Server VM (22.0.2+9-70, mixed mode, sharing, tiered, compressed oops, compressed class ptrs, g1 gc, windows-amd64)
GC Precious Log:
 CardTable entry size: 512
 Card Set container configuration: InlinePtr #cards 5 size 8 Array Of Cards #cards 12 size 40 Howl #buckets 4 coarsen threshold 1843 Howl Bitmap #cards 512 size 80 coarsen threshold 460 Card regions per heap region 1 cards per card region 2048
 CPUs: 6 total, 6 available
 Memory: 8028M
 Large Page Support: Disabled
 NUMA Support: Disabled
 Compressed Oops: Enabled (32-bit)
 Heap Region Size: 1M
 Heap Min Capacity: 8M
 Heap Initial Capacity: 126M
 Heap Max Capacity: 2008M
 Pre-touch: Disabled
 Parallel Workers: 6
 Concurrent Workers: 2
 Concurrent Refinement Workers: 6
 Periodic GC: Disabled
Heap:
 garbage-first heap   total reserved 2056192K, committed 76800K, used 51427K [0x0000000082800000, 0x0000000100000000)
  region size 1024K, 31 young (31744K), 2 survivors (2048K)
 Metaspace       used 50837K, committed 51520K, reserved 1114112K
  class space    used 5859K, committed 6144K, reserved 1048576K
GC Heap History (20 events):
Event: 649.540 GC heap before
{Heap before GC invocations=55 (full 1):
 garbage-first heap   total reserved 2056192K, committed 63488K, used 55108K [0x0000000082800000, 0x0000000100000000)
  region size 1024K, 33 young (33792K), 2 survivors (2048K)
 Metaspace       used 49029K, committed 49728K, reserved 1114112K
  class space    used 5769K, committed 6080K, reserved 1048576K
}
Event: 649.546 GC heap after
{Heap after GC invocations=56 (full 1):
 garbage-first heap   total reserved 2056192K, committed 63488K, used 23244K [0x0000000082800000, 0x0000000100000000)
  region size 1024K, 2 young (2048K), 2 survivors (2048K)
 Metaspace       used 49029K, committed 49728K, reserved 1114112K
  class space    used 5769K, committed 6080K, reserved 1048576K
}
Event: 687.151 GC heap before
{Heap before GC invocations=56 (full 1):
 garbage-first heap   total reserved 2056192K, committed 63488K, used 56012K [0x0000000082800000, 0x0000000100000000)
  region size 1024K, 34 young (34816K), 2 survivors (2048K)
 Metaspace       used 49029K, committed 49728K, reserved 1114112K
  class space    used 5769K, committed 6080K, reserved 1048576K
}
Event: 687.153 GC heap after
{Heap after GC invocations=57 (full 1):
 garbage-first heap   total reserved 2056192K, committed 63488K, used 23273K [0x0000000082800000, 0x0000000100000000)
  region size 1024K, 2 young (2048K), 2 survivors (2048K)
 Metaspace       used 49029K, committed 49728K, reserved 1114112K
  class space    used 5769K, committed 6080K, reserved 1048576K
}
Event: 732.577 GC heap before
{Heap before GC invocations=58 (full 1):
 garbage-first heap   total reserved 2056192K, committed 63488K, used 56041K [0x0000000082800000, 0x0000000100000000)
  region size 1024K, 34 young (34816K), 2 survivors (2048K)
 Metaspace       used 49053K, committed 49728K, reserved 1114112K
  class space    used 5769K, committed 6080K, reserved 1048576K
}
Event: 732.579 GC heap after
{Heap after GC invocations=59 (full 1):
 garbage-first heap   total reserved 2056192K, committed 63488K, used 23252K [0x0000000082800000, 0x0000000100000000)
  region size 1024K, 2 young (2048K), 2 survivors (2048K)
 Metaspace       used 49053K, committed 49728K, reserved 1114112K
  class space    used 5769K, committed 6080K, reserved 1048576K
}
Event: 767.234 GC heap before
{Heap before GC invocations=59 (full 1):
 garbage-first heap   total reserved 2056192K, committed 63488K, used 56020K [0x0000000082800000, 0x0000000100000000)
  region size 1024K, 34 young (34816K), 2 survivors (2048K)
 Metaspace       used 49076K, committed 49792K, reserved 1114112K
  class space    used 5769K, committed 6080K, reserved 1048576K
}
Event: 767.237 GC heap after
{Heap after GC invocations=60 (full 1):
 garbage-first heap   total reserved 2056192K, committed 63488K, used 22986K [0x0000000082800000, 0x0000000100000000)
  region size 1024K, 1 young (1024K), 1 survivors (1024K)
 Metaspace       used 49076K, committed 49792K, reserved 1114112K
  class space    used 5769K, committed 6080K, reserved 1048576K
}
Event: 785.777 GC heap before
{Heap before GC invocations=60 (full 1):
 garbage-first heap   total reserved 2056192K, committed 63488K, used 55754K [0x0000000082800000, 0x0000000100000000)
  region size 1024K, 34 young (34816K), 1 survivors (1024K)
 Metaspace       used 49902K, committed 50560K, reserved 1114112K
  class space    used 5841K, committed 6080K, reserved 1048576K
}
Event: 785.780 GC heap after
{Heap after GC invocations=61 (full 1):
 garbage-first heap   total reserved 2056192K, committed 63488K, used 24864K [0x0000000082800000, 0x0000000100000000)
  region size 1024K, 3 young (3072K), 3 survivors (3072K)
 Metaspace       used 49902K, committed 50560K, reserved 1114112K
  class space    used 5841K, committed 6080K, reserved 1048576K
}
Event: 804.242 GC heap before
{Heap before GC invocations=62 (full 1):
 garbage-first heap   total reserved 2056192K, committed 63488K, used 53536K [0x0000000082800000, 0x0000000100000000)
  region size 1024K, 32 young (32768K), 3 survivors (3072K)
 Metaspace       used 50158K, committed 50816K, reserved 1114112K
  class space    used 5853K, committed 6144K, reserved 1048576K
}
Event: 804.246 GC heap after
{Heap after GC invocations=63 (full 1):
 garbage-first heap   total reserved 2056192K, committed 63488K, used 23752K [0x0000000082800000, 0x0000000100000000)
  region size 1024K, 1 young (1024K), 1 survivors (1024K)
 Metaspace       used 50158K, committed 50816K, reserved 1114112K
  class space    used 5853K, committed 6144K, reserved 1048576K
}
Event: 828.889 GC heap before
{Heap before GC invocations=63 (full 1):
 garbage-first heap   total reserved 2056192K, committed 63488K, used 56520K [0x0000000082800000, 0x0000000100000000)
  region size 1024K, 34 young (34816K), 1 survivors (1024K)
 Metaspace       used 50322K, committed 50944K, reserved 1114112K
  class space    used 5854K, committed 6144K, reserved 1048576K
}
Event: 828.892 GC heap after
{Heap after GC invocations=64 (full 1):
 garbage-first heap   total reserved 2056192K, committed 63488K, used 23645K [0x0000000082800000, 0x0000000100000000)
  region size 1024K, 1 young (1024K), 1 survivors (1024K)
 Metaspace       used 50322K, committed 50944K, reserved 1114112K
  class space    used 5854K, committed 6144K, reserved 1048576K
}
Event: 863.589 GC heap before
{Heap before GC invocations=64 (full 1):
 garbage-first heap   total reserved 2056192K, committed 63488K, used 57437K [0x0000000082800000, 0x0000000100000000)
  region size 1024K, 34 young (34816K), 1 survivors (1024K)
 Metaspace       used 50347K, committed 51072K, reserved 1114112K
  class space    used 5854K, committed 6144K, reserved 1048576K
}
Event: 863.591 GC heap after
{Heap after GC invocations=65 (full 1):
 garbage-first heap   total reserved 2056192K, committed 63488K, used 23602K [0x0000000082800000, 0x0000000100000000)
  region size 1024K, 1 young (1024K), 1 survivors (1024K)
 Metaspace       used 50347K, committed 51072K, reserved 1114112K
  class space    used 5854K, committed 6144K, reserved 1048576K
}
Event: 898.043 GC heap before
{Heap before GC invocations=66 (full 1):
 garbage-first heap   total reserved 2056192K, committed 63488K, used 56370K [0x0000000082800000, 0x0000000100000000)
  region size 1024K, 34 young (34816K), 1 survivors (1024K)
 Metaspace       used 50382K, committed 51072K, reserved 1114112K
  class space    used 5854K, committed 6144K, reserved 1048576K
}
Event: 898.045 GC heap after
{Heap after GC invocations=67 (full 1):
 garbage-first heap   total reserved 2056192K, committed 76800K, used 23591K [0x0000000082800000, 0x0000000100000000)
  region size 1024K, 1 young (1024K), 1 survivors (1024K)
 Metaspace       used 50382K, committed 51072K, reserved 1114112K
  class space    used 5854K, committed 6144K, reserved 1048576K
}
Event: 943.010 GC heap before
{Heap before GC invocations=67 (full 1):
 garbage-first heap   total reserved 2056192K, committed 76800K, used 68647K [0x0000000082800000, 0x0000000100000000)
  region size 1024K, 45 young (46080K), 1 survivors (1024K)
 Metaspace       used 50484K, committed 51136K, reserved 1114112K
  class space    used 5857K, committed 6144K, reserved 1048576K
}
Event: 943.013 GC heap after
{Heap after GC invocations=68 (full 1):
 garbage-first heap   total reserved 2056192K, committed 76800K, used 23779K [0x0000000082800000, 0x0000000100000000)
  region size 1024K, 2 young (2048K), 2 survivors (2048K)
 Metaspace       used 50484K, committed 51136K, reserved 1114112K
  class space    used 5857K, committed 6144K, reserved 1048576K
}

