# JRE version: Java(TM) SE Runtime Environment (22.0.2+9) (build 22.0.2+9-70)
# Java VM: Java HotSpot(TM) 64-Bit Server VM (22.0.2+9-70, mixed mode, sharing, tiered, compressed oops, compressed class ptrs, g1 gc, windows-amd64)
GC Precious Log:
 CardTable entry size: 512
 Card Set container configuration: InlinePtr #cards 5 size 8 Array Of Cards #cards 12 size 40 Howl #buckets 4 coarsen threshold 1843 Howl Bitmap #cards 512 size 80 coarsen threshold 460 Card regions per heap region 1 cards per card region 2048
 CPUs: 6 total, 6 available
 Memory: 8028M
 Large Page Support: Disabled
 NUMA Support: Disabled
 Compressed Oops: Enabled (32-bit)
 Heap Region Size: 1M
 Heap Min Capacity: 8M
 Heap Initial Capacity: 126M
 Heap Max Capacity: 2008M
 Pre-touch: Disabled
 Parallel Workers: 6
 Concurrent Workers: 2
 Concurrent Refinement Workers: 6
 Periodic GC: Disabled
Heap:
 garbage-first heap   total reserved 2056192K, committed 78848K, used 42937K [0x0000000082800000, 0x0000000100000000)
  region size 1024K, 21 young (21504K), 2 survivors (2048K)
 Metaspace       used 51444K, committed 52224K, reserved 1114112K
  class space    used 5896K, committed 6272K, reserved 1048576K
GC Heap History (20 events):
Event: 1059.569 GC heap before
{Heap before GC invocations=77 (full 2):
 garbage-first heap   total reserved 2056192K, committed 70656K, used 63785K [0x0000000082800000, 0x0000000100000000)
  region size 1024K, 41 young (41984K), 1 survivors (1024K)
 Metaspace       used 51237K, committed 51904K, reserved 1114112K
  class space    used 5892K, committed 6144K, reserved 1048576K
}
Event: 1059.572 GC heap after
{Heap after GC invocations=78 (full 2):
 garbage-first heap   total reserved 2056192K, committed 70656K, used 22865K [0x0000000082800000, 0x0000000100000000)
  region size 1024K, 1 young (1024K), 1 survivors (1024K)
 Metaspace       used 51237K, committed 51904K, reserved 1114112K
  class space    used 5892K, committed 6144K, reserved 1048576K
}
Event: 1103.544 GC heap before
{Heap before GC invocations=78 (full 2):
 garbage-first heap   total reserved 2056192K, committed 70656K, used 63825K [0x0000000082800000, 0x0000000100000000)
  region size 1024K, 41 young (41984K), 1 survivors (1024K)
 Metaspace       used 51237K, committed 51904K, reserved 1114112K
  class space    used 5892K, committed 6144K, reserved 1048576K
}
Event: 1103.546 GC heap after
{Heap after GC invocations=79 (full 2):
 garbage-first heap   total reserved 2056192K, committed 70656K, used 22762K [0x0000000082800000, 0x0000000100000000)
  region size 1024K, 1 young (1024K), 1 survivors (1024K)
 Metaspace       used 51237K, committed 51904K, reserved 1114112K
  class space    used 5892K, committed 6144K, reserved 1048576K
}
Event: 1146.968 GC heap before
{Heap before GC invocations=79 (full 2):
 garbage-first heap   total reserved 2056192K, committed 70656K, used 63722K [0x0000000082800000, 0x0000000100000000)
  region size 1024K, 41 young (41984K), 1 survivors (1024K)
 Metaspace       used 51237K, committed 51904K, reserved 1114112K
  class space    used 5892K, committed 6144K, reserved 1048576K
}
Event: 1146.970 GC heap after
{Heap after GC invocations=80 (full 2):
 garbage-first heap   total reserved 2056192K, committed 70656K, used 22858K [0x0000000082800000, 0x0000000100000000)
  region size 1024K, 1 young (1024K), 1 survivors (1024K)
 Metaspace       used 51237K, committed 51904K, reserved 1114112K
  class space    used 5892K, committed 6144K, reserved 1048576K
}
Event: 1191.569 GC heap before
{Heap before GC invocations=81 (full 2):
 garbage-first heap   total reserved 2056192K, committed 70656K, used 63818K [0x0000000082800000, 0x0000000100000000)
  region size 1024K, 41 young (41984K), 1 survivors (1024K)
 Metaspace       used 51237K, committed 51904K, reserved 1114112K
  class space    used 5892K, committed 6144K, reserved 1048576K
}
Event: 1191.570 GC heap after
{Heap after GC invocations=82 (full 2):
 garbage-first heap   total reserved 2056192K, committed 84992K, used 22609K [0x0000000082800000, 0x0000000100000000)
  region size 1024K, 1 young (1024K), 1 survivors (1024K)
 Metaspace       used 51237K, committed 51904K, reserved 1114112K
  class space    used 5892K, committed 6144K, reserved 1048576K
}
Event: 1240.952 GC heap before
{Heap before GC invocations=82 (full 2):
 garbage-first heap   total reserved 2056192K, committed 84992K, used 70737K [0x0000000082800000, 0x0000000100000000)
  region size 1024K, 49 young (50176K), 1 survivors (1024K)
 Metaspace       used 51312K, committed 52032K, reserved 1114112K
  class space    used 5895K, committed 6208K, reserved 1048576K
}
Event: 1240.954 GC heap after
{Heap after GC invocations=83 (full 2):
 garbage-first heap   total reserved 2056192K, committed 84992K, used 23247K [0x0000000082800000, 0x0000000100000000)
  region size 1024K, 2 young (2048K), 2 survivors (2048K)
 Metaspace       used 51312K, committed 52032K, reserved 1114112K
  class space    used 5895K, committed 6208K, reserved 1048576K
}
Event: 1292.604 GC heap before
{Heap before GC invocations=83 (full 2):
 garbage-first heap   total reserved 2056192K, committed 84992K, used 71375K [0x0000000082800000, 0x0000000100000000)
  region size 1024K, 49 young (50176K), 2 survivors (2048K)
 Metaspace       used 51312K, committed 52032K, reserved 1114112K
  class space    used 5895K, committed 6208K, reserved 1048576K
}
Event: 1292.606 GC heap after
{Heap after GC invocations=84 (full 2):
 garbage-first heap   total reserved 2056192K, committed 84992K, used 23266K [0x0000000082800000, 0x0000000100000000)
  region size 1024K, 2 young (2048K), 2 survivors (2048K)
 Metaspace       used 51312K, committed 52032K, reserved 1114112K
  class space    used 5895K, committed 6208K, reserved 1048576K
}
Event: 1342.983 GC heap before
{Heap before GC invocations=85 (full 2):
 garbage-first heap   total reserved 2056192K, committed 81920K, used 70370K [0x0000000082800000, 0x0000000100000000)
  region size 1024K, 48 young (49152K), 2 survivors (2048K)
 Metaspace       used 51317K, committed 52032K, reserved 1114112K
  class space    used 5895K, committed 6208K, reserved 1048576K
}
Event: 1342.985 GC heap after
{Heap after GC invocations=86 (full 2):
 garbage-first heap   total reserved 2056192K, committed 81920K, used 23211K [0x0000000082800000, 0x0000000100000000)
  region size 1024K, 2 young (2048K), 2 survivors (2048K)
 Metaspace       used 51317K, committed 52032K, reserved 1114112K
  class space    used 5895K, committed 6208K, reserved 1048576K
}
Event: 1393.365 GC heap before
{Heap before GC invocations=86 (full 2):
 garbage-first heap   total reserved 2056192K, committed 81920K, used 70315K [0x0000000082800000, 0x0000000100000000)
  region size 1024K, 48 young (49152K), 2 survivors (2048K)
 Metaspace       used 51317K, committed 52032K, reserved 1114112K
  class space    used 5895K, committed 6208K, reserved 1048576K
}
Event: 1393.367 GC heap after
{Heap after GC invocations=87 (full 2):
 garbage-first heap   total reserved 2056192K, committed 81920K, used 23148K [0x0000000082800000, 0x0000000100000000)
  region size 1024K, 1 young (1024K), 1 survivors (1024K)
 Metaspace       used 51317K, committed 52032K, reserved 1114112K
  class space    used 5895K, committed 6208K, reserved 1048576K
}
Event: 1444.181 GC heap before
{Heap before GC invocations=87 (full 2):
 garbage-first heap   total reserved 2056192K, committed 81920K, used 71276K [0x0000000082800000, 0x0000000100000000)
  region size 1024K, 48 young (49152K), 1 survivors (1024K)
 Metaspace       used 51317K, committed 52032K, reserved 1114112K
  class space    used 5895K, committed 6208K, reserved 1048576K
}
Event: 1444.186 GC heap after
{Heap after GC invocations=88 (full 2):
 garbage-first heap   total reserved 2056192K, committed 81920K, used 23405K [0x0000000082800000, 0x0000000100000000)
  region size 1024K, 1 young (1024K), 1 survivors (1024K)
 Metaspace       used 51317K, committed 52032K, reserved 1114112K
  class space    used 5895K, committed 6208K, reserved 1048576K
}
Event: 1485.280 GC heap before
{Heap before GC invocations=89 (full 2):
 garbage-first heap   total reserved 2056192K, committed 78848K, used 68461K [0x0000000082800000, 0x0000000100000000)
  region size 1024K, 46 young (47104K), 1 survivors (1024K)
 Metaspace       used 51358K, committed 52096K, reserved 1114112K
  class space    used 5895K, committed 6208K, reserved 1048576K
}
Event: 1485.282 GC heap after
{Heap after GC invocations=90 (full 2):
 garbage-first heap   total reserved 2056192K, committed 78848K, used 24505K [0x0000000082800000, 0x0000000100000000)
  region size 1024K, 2 young (2048K), 2 survivors (2048K)
 Metaspace       used 51358K, committed 52096K, reserved 1114112K
  class space    used 5895K, committed 6208K, reserved 1048576K
}

