# JRE version: Java(TM) SE Runtime Environment (22.0.2+9) (build 22.0.2+9-70)
# Java VM: Java HotSpot(TM) 64-Bit Server VM (22.0.2+9-70, mixed mode, sharing, tiered, compressed oops, compressed class ptrs, g1 gc, windows-amd64)
GC Precious Log:
 CardTable entry size: 512
 Card Set container configuration: InlinePtr #cards 5 size 8 Array Of Cards #cards 12 size 40 Howl #buckets 4 coarsen threshold 1843 Howl Bitmap #cards 512 size 80 coarsen threshold 460 Card regions per heap region 1 cards per card region 2048
 CPUs: 6 total, 6 available
 Memory: 8028M
 Large Page Support: Disabled
 NUMA Support: Disabled
 Compressed Oops: Enabled (32-bit)
 Heap Region Size: 1M
 Heap Min Capacity: 8M
 Heap Initial Capacity: 126M
 Heap Max Capacity: 2008M
 Pre-touch: Disabled
 Parallel Workers: 6
 Concurrent Workers: 2
 Concurrent Refinement Workers: 6
 Periodic GC: Disabled
Heap:
 garbage-first heap   total reserved 2056192K, committed 86016K, used 37139K [0x0000000082800000, 0x0000000100000000)
  region size 1024K, 20 young (20480K), 1 survivors (1024K)
 Metaspace       used 50976K, committed 51648K, reserved 1114112K
  class space    used 5801K, committed 6144K, reserved 1048576K
GC Heap History (20 events):
Event: 9461.084 GC heap before
{Heap before GC invocations=312 (full 3):
 garbage-first heap   total reserved 2056192K, committed 86016K, used 69792K [0x0000000082800000, 0x0000000100000000)
  region size 1024K, 50 young (51200K), 1 survivors (1024K)
 Metaspace       used 50951K, committed 51648K, reserved 1114112K
  class space    used 5800K, committed 6144K, reserved 1048576K
}
Event: 9461.085 GC heap after
{Heap after GC invocations=313 (full 3):
 garbage-first heap   total reserved 2056192K, committed 86016K, used 19842K [0x0000000082800000, 0x0000000100000000)
  region size 1024K, 1 young (1024K), 1 survivors (1024K)
 Metaspace       used 50951K, committed 51648K, reserved 1114112K
  class space    used 5800K, committed 6144K, reserved 1048576K
}
Event: 9514.987 GC heap before
{Heap before GC invocations=313 (full 3):
 garbage-first heap   total reserved 2056192K, committed 86016K, used 70018K [0x0000000082800000, 0x0000000100000000)
  region size 1024K, 50 young (51200K), 1 survivors (1024K)
 Metaspace       used 50951K, committed 51648K, reserved 1114112K
  class space    used 5800K, committed 6144K, reserved 1048576K
}
Event: 9514.988 GC heap after
{Heap after GC invocations=314 (full 3):
 garbage-first heap   total reserved 2056192K, committed 86016K, used 19725K [0x0000000082800000, 0x0000000100000000)
  region size 1024K, 1 young (1024K), 1 survivors (1024K)
 Metaspace       used 50951K, committed 51648K, reserved 1114112K
  class space    used 5800K, committed 6144K, reserved 1048576K
}
Event: 9569.819 GC heap before
{Heap before GC invocations=314 (full 3):
 garbage-first heap   total reserved 2056192K, committed 86016K, used 69901K [0x0000000082800000, 0x0000000100000000)
  region size 1024K, 50 young (51200K), 1 survivors (1024K)
 Metaspace       used 50951K, committed 51648K, reserved 1114112K
  class space    used 5800K, committed 6144K, reserved 1048576K
}
Event: 9569.820 GC heap after
{Heap after GC invocations=315 (full 3):
 garbage-first heap   total reserved 2056192K, committed 86016K, used 19611K [0x0000000082800000, 0x0000000100000000)
  region size 1024K, 1 young (1024K), 1 survivors (1024K)
 Metaspace       used 50951K, committed 51648K, reserved 1114112K
  class space    used 5800K, committed 6144K, reserved 1048576K
}
Event: 9623.486 GC heap before
{Heap before GC invocations=315 (full 3):
 garbage-first heap   total reserved 2056192K, committed 86016K, used 69787K [0x0000000082800000, 0x0000000100000000)
  region size 1024K, 50 young (51200K), 1 survivors (1024K)
 Metaspace       used 50951K, committed 51648K, reserved 1114112K
  class space    used 5800K, committed 6144K, reserved 1048576K
}
Event: 9623.487 GC heap after
{Heap after GC invocations=316 (full 3):
 garbage-first heap   total reserved 2056192K, committed 86016K, used 19836K [0x0000000082800000, 0x0000000100000000)
  region size 1024K, 1 young (1024K), 1 survivors (1024K)
 Metaspace       used 50951K, committed 51648K, reserved 1114112K
  class space    used 5800K, committed 6144K, reserved 1048576K
}
Event: 9677.479 GC heap before
{Heap before GC invocations=316 (full 3):
 garbage-first heap   total reserved 2056192K, committed 86016K, used 70012K [0x0000000082800000, 0x0000000100000000)
  region size 1024K, 50 young (51200K), 1 survivors (1024K)
 Metaspace       used 50951K, committed 51648K, reserved 1114112K
  class space    used 5800K, committed 6144K, reserved 1048576K
}
Event: 9677.480 GC heap after
{Heap after GC invocations=317 (full 3):
 garbage-first heap   total reserved 2056192K, committed 86016K, used 19725K [0x0000000082800000, 0x0000000100000000)
  region size 1024K, 1 young (1024K), 1 survivors (1024K)
 Metaspace       used 50951K, committed 51648K, reserved 1114112K
  class space    used 5800K, committed 6144K, reserved 1048576K
}
Event: 9730.756 GC heap before
{Heap before GC invocations=317 (full 3):
 garbage-first heap   total reserved 2056192K, committed 86016K, used 69901K [0x0000000082800000, 0x0000000100000000)
  region size 1024K, 50 young (51200K), 1 survivors (1024K)
 Metaspace       used 50951K, committed 51648K, reserved 1114112K
  class space    used 5800K, committed 6144K, reserved 1048576K
}
Event: 9730.758 GC heap after
{Heap after GC invocations=318 (full 3):
 garbage-first heap   total reserved 2056192K, committed 86016K, used 19606K [0x0000000082800000, 0x0000000100000000)
  region size 1024K, 1 young (1024K), 1 survivors (1024K)
 Metaspace       used 50951K, committed 51648K, reserved 1114112K
  class space    used 5800K, committed 6144K, reserved 1048576K
}
Event: 9784.269 GC heap before
{Heap before GC invocations=318 (full 3):
 garbage-first heap   total reserved 2056192K, committed 86016K, used 69782K [0x0000000082800000, 0x0000000100000000)
  region size 1024K, 50 young (51200K), 1 survivors (1024K)
 Metaspace       used 50951K, committed 51648K, reserved 1114112K
  class space    used 5800K, committed 6144K, reserved 1048576K
}
Event: 9784.269 GC heap after
{Heap after GC invocations=319 (full 3):
 garbage-first heap   total reserved 2056192K, committed 86016K, used 19838K [0x0000000082800000, 0x0000000100000000)
  region size 1024K, 1 young (1024K), 1 survivors (1024K)
 Metaspace       used 50951K, committed 51648K, reserved 1114112K
  class space    used 5800K, committed 6144K, reserved 1048576K
}
Event: 9838.707 GC heap before
{Heap before GC invocations=319 (full 3):
 garbage-first heap   total reserved 2056192K, committed 86016K, used 70014K [0x0000000082800000, 0x0000000100000000)
  region size 1024K, 50 young (51200K), 1 survivors (1024K)
 Metaspace       used 50951K, committed 51648K, reserved 1114112K
  class space    used 5800K, committed 6144K, reserved 1048576K
}
Event: 9838.708 GC heap after
{Heap after GC invocations=320 (full 3):
 garbage-first heap   total reserved 2056192K, committed 86016K, used 19606K [0x0000000082800000, 0x0000000100000000)
  region size 1024K, 1 young (1024K), 1 survivors (1024K)
 Metaspace       used 50951K, committed 51648K, reserved 1114112K
  class space    used 5800K, committed 6144K, reserved 1048576K
}
Event: 9891.861 GC heap before
{Heap before GC invocations=320 (full 3):
 garbage-first heap   total reserved 2056192K, committed 86016K, used 69782K [0x0000000082800000, 0x0000000100000000)
  region size 1024K, 50 young (51200K), 1 survivors (1024K)
 Metaspace       used 50951K, committed 51648K, reserved 1114112K
  class space    used 5800K, committed 6144K, reserved 1048576K
}
Event: 9891.862 GC heap after
{Heap after GC invocations=321 (full 3):
 garbage-first heap   total reserved 2056192K, committed 86016K, used 19842K [0x0000000082800000, 0x0000000100000000)
  region size 1024K, 1 young (1024K), 1 survivors (1024K)
 Metaspace       used 50951K, committed 51648K, reserved 1114112K
  class space    used 5800K, committed 6144K, reserved 1048576K
}
Event: 9945.659 GC heap before
{Heap before GC invocations=321 (full 3):
 garbage-first heap   total reserved 2056192K, committed 86016K, used 70018K [0x0000000082800000, 0x0000000100000000)
  region size 1024K, 50 young (51200K), 1 survivors (1024K)
 Metaspace       used 50951K, committed 51648K, reserved 1114112K
  class space    used 5800K, committed 6144K, reserved 1048576K
}
Event: 9945.660 GC heap after
{Heap after GC invocations=322 (full 3):
 garbage-first heap   total reserved 2056192K, committed 86016K, used 19731K [0x0000000082800000, 0x0000000100000000)
  region size 1024K, 1 young (1024K), 1 survivors (1024K)
 Metaspace       used 50951K, committed 51648K, reserved 1114112K
  class space    used 5800K, committed 6144K, reserved 1048576K
}

